Using pre-set license
Built from '2022.3/release' branch; Version is '2022.3.12f1 (4fe6e059c7ef) revision 5236448'; Using compiler version '192829333'; Build Type 'Release'
OS: 'Windows 10  (10.0.19045) 64bit Core' Language: 'ko' Physical Memory: 32650 MB
BatchMode: 1, IsHumanControllingUs: 0, StartBugReporterOnCrash: 0, Is64bit: 1, IsPro: 1

COMMAND LINE ARGUMENTS:
C:\Program Files\Unity\Hub\Editor\2022.3.12f1\Editor\Unity.exe
-adb2
-batchMode
-noUpm
-name
AssetImportWorker3
-projectPath
C:/Users/sehai/2D TopDownShooting
-logFile
Logs/AssetImportWorker3.log
-srvPort
50994
Successfully changed project path to: C:/Users/sehai/2D TopDownShooting
C:/Users/sehai/2D TopDownShooting
[UnityMemory] Configuration Parameters - Can be set up in boot.config
    "memorysetup-bucket-allocator-granularity=16"
    "memorysetup-bucket-allocator-bucket-count=8"
    "memorysetup-bucket-allocator-block-size=33554432"
    "memorysetup-bucket-allocator-block-count=8"
    "memorysetup-main-allocator-block-size=16777216"
    "memorysetup-thread-allocator-block-size=16777216"
    "memorysetup-gfx-main-allocator-block-size=16777216"
    "memorysetup-gfx-thread-allocator-block-size=16777216"
    "memorysetup-cache-allocator-block-size=4194304"
    "memorysetup-typetree-allocator-block-size=2097152"
    "memorysetup-profiler-bucket-allocator-granularity=16"
    "memorysetup-profiler-bucket-allocator-bucket-count=8"
    "memorysetup-profiler-bucket-allocator-block-size=33554432"
    "memorysetup-profiler-bucket-allocator-block-count=8"
    "memorysetup-profiler-allocator-block-size=16777216"
    "memorysetup-profiler-editor-allocator-block-size=1048576"
    "memorysetup-temp-allocator-size-main=16777216"
    "memorysetup-job-temp-allocator-block-size=2097152"
    "memorysetup-job-temp-allocator-block-size-background=1048576"
    "memorysetup-job-temp-allocator-reduction-small-platforms=262144"
    "memorysetup-allocator-temp-initial-block-size-main=262144"
    "memorysetup-allocator-temp-initial-block-size-worker=262144"
    "memorysetup-temp-allocator-size-background-worker=32768"
    "memorysetup-temp-allocator-size-job-worker=262144"
    "memorysetup-temp-allocator-size-preload-manager=33554432"
    "memorysetup-temp-allocator-size-nav-mesh-worker=65536"
    "memorysetup-temp-allocator-size-audio-worker=65536"
    "memorysetup-temp-allocator-size-cloud-worker=32768"
    "memorysetup-temp-allocator-size-gi-baking-worker=262144"
    "memorysetup-temp-allocator-size-gfx=262144"
Player connection [14504] Host "[IP] 192.168.123.100 [Port] 0 [Flags] 2 [Guid] 513080099 [EditorId] 513080099 [Version] 1048832 [Id] WindowsEditor(7,DESKTOP-NIHNNG6) [Debug] 1 [PackageName] WindowsEditor [ProjectName] Editor" joined multi-casting on [225.0.0.222:54997]...

Player connection [14504] Host "[IP] 192.168.123.100 [Port] 0 [Flags] 2 [Guid] 513080099 [EditorId] 513080099 [Version] 1048832 [Id] WindowsEditor(7,DESKTOP-NIHNNG6) [Debug] 1 [PackageName] WindowsEditor [ProjectName] Editor" joined alternative multi-casting on [225.0.0.222:34997]...

[Physics::Module] Initialized MultithreadedJobDispatcher with 15 workers.
Refreshing native plugins compatible for Editor in 10.78 ms, found 4 plugins.
Preloading 0 native plugins for Editor in 0.00 ms.
Initialize engine version: 2022.3.12f1 (4fe6e059c7ef)
[Subsystems] Discovering subsystems at path C:/Program Files/Unity/Hub/Editor/2022.3.12f1/Editor/Data/Resources/UnitySubsystems
[Subsystems] Discovering subsystems at path C:/Users/sehai/2D TopDownShooting/Assets
GfxDevice: creating device client; threaded=0; jobified=0
Direct3D:
    Version:  Direct3D 11.0 [level 11.1]
    Renderer: NVIDIA GeForce RTX 3060 (ID=0x2504)
    Vendor:   NVIDIA
    VRAM:     12129 MB
    Driver:   31.0.15.4601
Initialize mono
Mono path[0] = 'C:/Program Files/Unity/Hub/Editor/2022.3.12f1/Editor/Data/Managed'
Mono path[1] = 'C:/Program Files/Unity/Hub/Editor/2022.3.12f1/Editor/Data/MonoBleedingEdge/lib/mono/unityjit-win32'
Mono config path = 'C:/Program Files/Unity/Hub/Editor/2022.3.12f1/Editor/Data/MonoBleedingEdge/etc'
Using monoOptions --debugger-agent=transport=dt_socket,embedding=1,server=y,suspend=n,address=127.0.0.1:56068
Begin MonoManager ReloadAssembly
Registering precompiled unity dll's ...
Register platform support module: C:/Program Files/Unity/Hub/Editor/2022.3.12f1/Editor/Data/PlaybackEngines/WebGLSupport/UnityEditor.WebGL.Extensions.dll
Register platform support module: C:/Program Files/Unity/Hub/Editor/2022.3.12f1/Editor/Data/PlaybackEngines/WindowsStandaloneSupport/UnityEditor.WindowsStandalone.Extensions.dll
Registered in 0.010016 seconds.
- Loaded All Assemblies, in  0.310 seconds
Native extension for WindowsStandalone target not found
Native extension for WebGL target not found
Mono: successfully reloaded assembly
- Finished resetting the current domain, in  0.225 seconds
Domain Reload Profiling: 533ms
	BeginReloadAssembly (93ms)
		ExecutionOrderSort (0ms)
		DisableScriptedObjects (0ms)
		BackupInstance (0ms)
		ReleaseScriptingObjects (0ms)
		CreateAndSetChildDomain (1ms)
	RebuildCommonClasses (32ms)
	RebuildNativeTypeToScriptingClass (8ms)
	initialDomainReloadingComplete (54ms)
	LoadAllAssembliesAndSetupDomain (121ms)
		LoadAssemblies (91ms)
		RebuildTransferFunctionScriptingTraits (0ms)
		AnalyzeDomain (119ms)
			TypeCache.Refresh (118ms)
				TypeCache.ScanAssembly (107ms)
			ScanForSourceGeneratedMonoScriptInfo (0ms)
			ResolveRequiredComponents (0ms)
	FinalizeReload (225ms)
		ReleaseScriptCaches (0ms)
		RebuildScriptCaches (0ms)
		SetupLoadedEditorAssemblies (176ms)
			LogAssemblyErrors (0ms)
			InitializePlatformSupportModulesInManaged (10ms)
			SetLoadedEditorAssemblies (5ms)
			RefreshPlugins (0ms)
			BeforeProcessingInitializeOnLoad (2ms)
			ProcessInitializeOnLoadAttributes (116ms)
			ProcessInitializeOnLoadMethodAttributes (43ms)
			AfterProcessingInitializeOnLoad (0ms)
			EditorAssembliesLoaded (0ms)
		ExecutionOrderSort2 (0ms)
		AwakeInstancesAfterBackupRestoration (0ms)
========================================================================
Worker process is ready to serve import requests
Begin MonoManager ReloadAssembly
- Loaded All Assemblies, in  0.621 seconds
Refreshing native plugins compatible for Editor in 5.82 ms, found 4 plugins.
Native extension for WindowsStandalone target not found
Native extension for WebGL target not found
Package Manager log level set to [2]
[Package Manager] Server::EnsureServerProcessIsRunning -- launch failed, reason: Unity was launched with the -noUpm command-line argument
[Package Manager] UpmClient::Send -- Unable to send message (not connected to UPM process).
[Package Manager] Cannot connect to Unity Package Manager local server
Mono: successfully reloaded assembly
- Finished resetting the current domain, in  0.582 seconds
Domain Reload Profiling: 1200ms
	BeginReloadAssembly (144ms)
		ExecutionOrderSort (0ms)
		DisableScriptedObjects (5ms)
		BackupInstance (0ms)
		ReleaseScriptingObjects (0ms)
		CreateAndSetChildDomain (24ms)
	RebuildCommonClasses (32ms)
	RebuildNativeTypeToScriptingClass (8ms)
	initialDomainReloadingComplete (40ms)
	LoadAllAssembliesAndSetupDomain (393ms)
		LoadAssemblies (295ms)
		RebuildTransferFunctionScriptingTraits (0ms)
		AnalyzeDomain (179ms)
			TypeCache.Refresh (149ms)
				TypeCache.ScanAssembly (130ms)
			ScanForSourceGeneratedMonoScriptInfo (23ms)
			ResolveRequiredComponents (5ms)
	FinalizeReload (583ms)
		ReleaseScriptCaches (0ms)
		RebuildScriptCaches (0ms)
		SetupLoadedEditorAssemblies (437ms)
			LogAssemblyErrors (0ms)
			InitializePlatformSupportModulesInManaged (7ms)
			SetLoadedEditorAssemblies (3ms)
			RefreshPlugins (0ms)
			BeforeProcessingInitializeOnLoad (74ms)
			ProcessInitializeOnLoadAttributes (310ms)
			ProcessInitializeOnLoadMethodAttributes (36ms)
			AfterProcessingInitializeOnLoad (7ms)
			EditorAssembliesLoaded (0ms)
		ExecutionOrderSort2 (0ms)
		AwakeInstancesAfterBackupRestoration (6ms)
Launched and connected shader compiler UnityShaderCompiler.exe after 0.04 seconds
Refreshing native plugins compatible for Editor in 7.05 ms, found 4 plugins.
Preloading 0 native plugins for Editor in 0.00 ms.
Unloading 4396 Unused Serialized files (Serialized files now loaded: 0)
Unloading 77 unused Assets / (246.8 KB). Loaded Objects now: 4852.
Memory consumption went from 150.7 MB to 150.5 MB.
Total: 3.171300 ms (FindLiveObjects: 0.325700 ms CreateObjectMapping: 0.103900 ms MarkObjects: 2.514700 ms  DeleteObjects: 0.225600 ms)

AssetImportParameters requested are different than current active one (requested -> active):
  custom:container-demuxer-ogg: 62fdf1f143b41e24485cea50d1cbac27 -> 
  custom:video-decoder-ogg-theora: a1e56fd34408186e4bbccfd4996cb3dc -> 
  custom:framework-win-MediaFoundation: 216162199b28c13a410421893ffa2e32 -> 
  custom:CustomObjectIndexerAttribute: 756ad292c208cfabdd7b50bc23989ffe -> 
  custom:container-demuxer-webm: 4f35f7cbe854078d1ac9338744f61a02 -> 
  custom:container-muxer-webm: aa71ff27fc2769a1b78a27578f13a17b -> 
  custom:video-decoder-webm-vp8: 9c59270c3fd7afecdb556c50c9e8de78 -> 
  custom:SearchIndexIgnoredProperties: e643bd26f0fe6173181afceb89e7c659 -> 
  custom:AudioImporter_EditorPlatform: d09bf68614088b80899f8185d706f6e7 -> 
  custom:video-encoder-webm-vp8: eb34c28f22e8b96e1ab97ce403110664 -> 
  custom:audio-decoder-ogg-vorbis: bf7c407c2cedff20999df2af8eb42d56 -> 
  custom:audio-encoder-webm-vorbis: bf7c407c2cedff20999df2af8eb42d56 -> 
========================================================================
Received Import Request.
  Time since last request: 610557.462978 seconds.
  path: Assets/Externals/Textures/0x72_DungeonTilesetII_v1.6/frames/wall_outer_top_right.png
  artifactKey: Guid(ba6ca92d9bc7b6542867e32ef5b545c0) Importer(2089858483,0ecaa5967403d082aa24f35e1b516d23)
Start importing Assets/Externals/Textures/0x72_DungeonTilesetII_v1.6/frames/wall_outer_top_right.png using Guid(ba6ca92d9bc7b6542867e32ef5b545c0) Importer(2089858483,0ecaa5967403d082aa24f35e1b516d23)  -> (artifact id: '4b8f15385d5437fb546bf0e8985eb7b6') in 0.127068 seconds
Number of updated asset objects reloaded before import = 0
Number of asset objects unloaded after import = 3
========================================================================
Received Import Request.
  Time since last request: 0.000023 seconds.
  path: Assets/Externals/Textures/0x72_DungeonTilesetII_v1.6/frames/masked_orc_idle_anim_f0.png
  artifactKey: Guid(094fb96aa318b2a448d3af0779f0c386) Importer(2089858483,0ecaa5967403d082aa24f35e1b516d23)
Start importing Assets/Externals/Textures/0x72_DungeonTilesetII_v1.6/frames/masked_orc_idle_anim_f0.png using Guid(094fb96aa318b2a448d3af0779f0c386) Importer(2089858483,0ecaa5967403d082aa24f35e1b516d23)  -> (artifact id: '683dfcb57e6a1adebea563e5ffa71970') in 0.024829 seconds
Number of updated asset objects reloaded before import = 0
Number of asset objects unloaded after import = 3
========================================================================
Received Import Request.
  Time since last request: 0.000013 seconds.
  path: Assets/Externals/Textures/0x72_DungeonTilesetII_v1.6/frames/wall_edge_tshape_left.png
  artifactKey: Guid(69c1794ce4cc7dd4f9f8dad989ed5f83) Importer(2089858483,0ecaa5967403d082aa24f35e1b516d23)
Start importing Assets/Externals/Textures/0x72_DungeonTilesetII_v1.6/frames/wall_edge_tshape_left.png using Guid(69c1794ce4cc7dd4f9f8dad989ed5f83) Importer(2089858483,0ecaa5967403d082aa24f35e1b516d23)  -> (artifact id: '7491d0fdfe2909e6512bf34f43dd488d') in 0.025663 seconds
Number of updated asset objects reloaded before import = 0
Number of asset objects unloaded after import = 3
========================================================================
Received Import Request.
  Time since last request: 0.000021 seconds.
  path: Assets/Externals/Textures/0x72_DungeonTilesetII_v1.6/frames/bomb_f2.png
  artifactKey: Guid(38ff331d836cf08448eca49eb3027c81) Importer(2089858483,0ecaa5967403d082aa24f35e1b516d23)
Start importing Assets/Externals/Textures/0x72_DungeonTilesetII_v1.6/frames/bomb_f2.png using Guid(38ff331d836cf08448eca49eb3027c81) Importer(2089858483,0ecaa5967403d082aa24f35e1b516d23)  -> (artifact id: 'b905068f903349eb947e0a0540f6a4c5') in 0.023260 seconds
Number of updated asset objects reloaded before import = 0
Number of asset objects unloaded after import = 3
========================================================================
Received Import Request.
  Time since last request: 0.000013 seconds.
  path: Assets/Externals/Textures/0x72_DungeonTilesetII_v1.6/frames/doors_frame_right.png
  artifactKey: Guid(125790759a17fa54d980d4f002efd19d) Importer(2089858483,0ecaa5967403d082aa24f35e1b516d23)
Start importing Assets/Externals/Textures/0x72_DungeonTilesetII_v1.6/frames/doors_frame_right.png using Guid(125790759a17fa54d980d4f002efd19d) Importer(2089858483,0ecaa5967403d082aa24f35e1b516d23)  -> (artifact id: '42df542c9fbd2765520758e872d3f668') in 0.022555 seconds
Number of updated asset objects reloaded before import = 0
Number of asset objects unloaded after import = 3
========================================================================
Received Import Request.
  Time since last request: 0.000014 seconds.
  path: Assets/Externals/Textures/0x72_DungeonTilesetII_v1.6/frames/dwarf_m_idle_anim_f0.png
  artifactKey: Guid(759d43f23bc3ea1439dcbfd5702ab640) Importer(2089858483,0ecaa5967403d082aa24f35e1b516d23)
Start importing Assets/Externals/Textures/0x72_DungeonTilesetII_v1.6/frames/dwarf_m_idle_anim_f0.png using Guid(759d43f23bc3ea1439dcbfd5702ab640) Importer(2089858483,0ecaa5967403d082aa24f35e1b516d23)  -> (artifact id: '6c1f2c7f44c34556adf14d21b7fb4189') in 0.029510 seconds
Number of updated asset objects reloaded before import = 0
Number of asset objects unloaded after import = 3
========================================================================
Received Import Request.
  Time since last request: 0.000014 seconds.
  path: Assets/Externals/Textures/0x72_DungeonTilesetII_v1.6/frames/elf_f_idle_anim_f0.png
  artifactKey: Guid(2f4a5899f3b584c46bed5b522e1dd8e7) Importer(2089858483,0ecaa5967403d082aa24f35e1b516d23)
Start importing Assets/Externals/Textures/0x72_DungeonTilesetII_v1.6/frames/elf_f_idle_anim_f0.png using Guid(2f4a5899f3b584c46bed5b522e1dd8e7) Importer(2089858483,0ecaa5967403d082aa24f35e1b516d23)  -> (artifact id: '37bcdd4a9bcccacef42765d62c2ad665') in 0.026153 seconds
Number of updated asset objects reloaded before import = 0
Number of asset objects unloaded after import = 3
========================================================================
Received Import Request.
  Time since last request: 0.000014 seconds.
  path: Assets/Externals/Textures/0x72_DungeonTilesetII_v1.6/frames/knight_f_run_anim_f0.png
  artifactKey: Guid(973a258d98f31674392bedcbec202896) Importer(2089858483,0ecaa5967403d082aa24f35e1b516d23)
Start importing Assets/Externals/Textures/0x72_DungeonTilesetII_v1.6/frames/knight_f_run_anim_f0.png using Guid(973a258d98f31674392bedcbec202896) Importer(2089858483,0ecaa5967403d082aa24f35e1b516d23)  -> (artifact id: '5d40f3cc7bce5f2032e556edec375da9') in 0.024038 seconds
Number of updated asset objects reloaded before import = 0
Number of asset objects unloaded after import = 3
========================================================================
Received Import Request.
  Time since last request: 0.000013 seconds.
  path: Assets/Externals/Textures/0x72_DungeonTilesetII_v1.6/frames/lizard_m_idle_anim_f2.png
  artifactKey: Guid(5ef13d76d8060e943b1f19904365adf0) Importer(2089858483,0ecaa5967403d082aa24f35e1b516d23)
Start importing Assets/Externals/Textures/0x72_DungeonTilesetII_v1.6/frames/lizard_m_idle_anim_f2.png using Guid(5ef13d76d8060e943b1f19904365adf0) Importer(2089858483,0ecaa5967403d082aa24f35e1b516d23)  -> (artifact id: '08c098bb7d63d9c13471d38aecb1b8ed') in 0.024333 seconds
Number of updated asset objects reloaded before import = 0
Number of asset objects unloaded after import = 3
========================================================================
Received Import Request.
  Time since last request: 0.000017 seconds.
  path: Assets/Externals/Textures/0x72_DungeonTilesetII_v1.6/frames/masked_orc_idle_anim_f2.png
  artifactKey: Guid(27080679aceaea349825fe177969e2ee) Importer(2089858483,0ecaa5967403d082aa24f35e1b516d23)
Start importing Assets/Externals/Textures/0x72_DungeonTilesetII_v1.6/frames/masked_orc_idle_anim_f2.png using Guid(27080679aceaea349825fe177969e2ee) Importer(2089858483,0ecaa5967403d082aa24f35e1b516d23)  -> (artifact id: '256d8f6ac7643585fdcdcacb2f83afb8') in 0.024458 seconds
Number of updated asset objects reloaded before import = 0
Number of asset objects unloaded after import = 3
========================================================================
Received Import Request.
  Time since last request: 0.000019 seconds.
  path: Assets/Externals/Textures/0x72_DungeonTilesetII_v1.6/frames/weapon_red_magic_staff.png
  artifactKey: Guid(70b523d7578f9be4b8e36aae819a5021) Importer(2089858483,0ecaa5967403d082aa24f35e1b516d23)
Start importing Assets/Externals/Textures/0x72_DungeonTilesetII_v1.6/frames/weapon_red_magic_staff.png using Guid(70b523d7578f9be4b8e36aae819a5021) Importer(2089858483,0ecaa5967403d082aa24f35e1b516d23)  -> (artifact id: 'dd7a8f8a2a7c9ddf284f33443ea689a9') in 0.024677 seconds
Number of updated asset objects reloaded before import = 0
Number of asset objects unloaded after import = 3
========================================================================
Received Import Request.
  Time since last request: 0.000014 seconds.
  path: Assets/Externals/Textures/0x72_DungeonTilesetII_v1.6/frames/weapon_throwing_axe.png
  artifactKey: Guid(75ccdc1cffa1bfc459772372546f62fe) Importer(2089858483,0ecaa5967403d082aa24f35e1b516d23)
Start importing Assets/Externals/Textures/0x72_DungeonTilesetII_v1.6/frames/weapon_throwing_axe.png using Guid(75ccdc1cffa1bfc459772372546f62fe) Importer(2089858483,0ecaa5967403d082aa24f35e1b516d23)  -> (artifact id: '0f477f0eb8bfb57dff4cac15d0ea81d0') in 0.024466 seconds
Number of updated asset objects reloaded before import = 0
Number of asset objects unloaded after import = 3
========================================================================
Received Import Request.
  Time since last request: 0.000013 seconds.
  path: Assets/Externals/Textures/0x72_DungeonTilesetII_v1.6/frames/wogol_run_anim_f1.png
  artifactKey: Guid(d47fefb947e649a488143a418d7f2172) Importer(2089858483,0ecaa5967403d082aa24f35e1b516d23)
Start importing Assets/Externals/Textures/0x72_DungeonTilesetII_v1.6/frames/wogol_run_anim_f1.png using Guid(d47fefb947e649a488143a418d7f2172) Importer(2089858483,0ecaa5967403d082aa24f35e1b516d23)  -> (artifact id: '1aec1c46d7122a69945b3ed59f8a9b02') in 0.024961 seconds
Number of updated asset objects reloaded before import = 0
Number of asset objects unloaded after import = 3
========================================================================
Received Import Request.
  Time since last request: 0.000016 seconds.
  path: Assets/Externals/Textures/0x72_DungeonTilesetII_v1.6/frames/wizzard_m_run_anim_f0.png
  artifactKey: Guid(85354e459e8ab0541bd84613d1cccea6) Importer(2089858483,0ecaa5967403d082aa24f35e1b516d23)
Start importing Assets/Externals/Textures/0x72_DungeonTilesetII_v1.6/frames/wizzard_m_run_anim_f0.png using Guid(85354e459e8ab0541bd84613d1cccea6) Importer(2089858483,0ecaa5967403d082aa24f35e1b516d23)  -> (artifact id: '7e6a69923407da60111cc70a4ad7e37d') in 0.023778 seconds
Number of updated asset objects reloaded before import = 0
Number of asset objects unloaded after import = 3
========================================================================
Received Import Request.
  Time since last request: 0.000019 seconds.
  path: Assets/Externals/Textures/0x72_DungeonTilesetII_v1.6/frames/wogol_run_anim_f2.png
  artifactKey: Guid(2f4b19615b04fd540890039d794f2148) Importer(2089858483,0ecaa5967403d082aa24f35e1b516d23)
Start importing Assets/Externals/Textures/0x72_DungeonTilesetII_v1.6/frames/wogol_run_anim_f2.png using Guid(2f4b19615b04fd540890039d794f2148) Importer(2089858483,0ecaa5967403d082aa24f35e1b516d23)  -> (artifact id: 'a6effb8be8fc5432738f8496e06504a8') in 0.023242 seconds
Number of updated asset objects reloaded before import = 0
Number of asset objects unloaded after import = 3
========================================================================
Received Import Request.
  Time since last request: 0.000017 seconds.
  path: Assets/Externals/Textures/0x72_DungeonTilesetII_v1.6/frames/weapon_knight_sword.png
  artifactKey: Guid(4067f868065df664face4b2a72a47066) Importer(2089858483,0ecaa5967403d082aa24f35e1b516d23)
Start importing Assets/Externals/Textures/0x72_DungeonTilesetII_v1.6/frames/weapon_knight_sword.png using Guid(4067f868065df664face4b2a72a47066) Importer(2089858483,0ecaa5967403d082aa24f35e1b516d23)  -> (artifact id: 'f828f98c3003c625f7acaa5c517a7891') in 0.022512 seconds
Number of updated asset objects reloaded before import = 0
Number of asset objects unloaded after import = 3
========================================================================
Received Import Request.
  Time since last request: 0.000016 seconds.
  path: Assets/Externals/Textures/0x72_DungeonTilesetII_v1.6/frames/weapon_knife.png
  artifactKey: Guid(fddd4b1f9d79cea41aace2921b45e607) Importer(2089858483,0ecaa5967403d082aa24f35e1b516d23)
Start importing Assets/Externals/Textures/0x72_DungeonTilesetII_v1.6/frames/weapon_knife.png using Guid(fddd4b1f9d79cea41aace2921b45e607) Importer(2089858483,0ecaa5967403d082aa24f35e1b516d23)  -> (artifact id: '3ca026cb05ac5f42a8a92abcd3625e04') in 0.022181 seconds
Number of updated asset objects reloaded before import = 0
Number of asset objects unloaded after import = 3
========================================================================
Received Import Request.
  Time since last request: 0.000014 seconds.
  path: Assets/Externals/Textures/0x72_DungeonTilesetII_v1.6/frames/weapon_spear.png
  artifactKey: Guid(cfa9e621c05f57a48b23833b3647a0bb) Importer(2089858483,0ecaa5967403d082aa24f35e1b516d23)
Start importing Assets/Externals/Textures/0x72_DungeonTilesetII_v1.6/frames/weapon_spear.png using Guid(cfa9e621c05f57a48b23833b3647a0bb) Importer(2089858483,0ecaa5967403d082aa24f35e1b516d23)  -> (artifact id: '97943e525a6ce7a8300ba80d34938d58') in 0.024143 seconds
Number of updated asset objects reloaded before import = 0
Number of asset objects unloaded after import = 3
========================================================================
Received Import Request.
  Time since last request: 0.000014 seconds.
  path: Assets/Externals/Textures/0x72_DungeonTilesetII_v1.6/frames/wizzard_m_run_anim_f1.png
  artifactKey: Guid(d74e2a2405340cf45b2461d61a28d7f5) Importer(2089858483,0ecaa5967403d082aa24f35e1b516d23)
Start importing Assets/Externals/Textures/0x72_DungeonTilesetII_v1.6/frames/wizzard_m_run_anim_f1.png using Guid(d74e2a2405340cf45b2461d61a28d7f5) Importer(2089858483,0ecaa5967403d082aa24f35e1b516d23)  -> (artifact id: '31a1461cbcf6445336f442a55b156f67') in 0.024512 seconds
Number of updated asset objects reloaded before import = 0
Number of asset objects unloaded after import = 3
========================================================================
Received Import Request.
  Time since last request: 0.000015 seconds.
  path: Assets/Externals/Textures/0x72_DungeonTilesetII_v1.6/frames/weapon_regular_sword.png
  artifactKey: Guid(b11c77630a1627846a6fd1fcdd10378f) Importer(2089858483,0ecaa5967403d082aa24f35e1b516d23)
Start importing Assets/Externals/Textures/0x72_DungeonTilesetII_v1.6/frames/weapon_regular_sword.png using Guid(b11c77630a1627846a6fd1fcdd10378f) Importer(2089858483,0ecaa5967403d082aa24f35e1b516d23)  -> (artifact id: 'f14455adfae4d51e8a37278b6aab12d7') in 0.023643 seconds
Number of updated asset objects reloaded before import = 0
Number of asset objects unloaded after import = 3
========================================================================
Received Import Request.
  Time since last request: 0.000021 seconds.
  path: Assets/Externals/Textures/0x72_DungeonTilesetII_v1.6/frames/wogol_idle_anim_f3.png
  artifactKey: Guid(1abd0ad12d5d2ad4c81083bad574b87a) Importer(2089858483,0ecaa5967403d082aa24f35e1b516d23)
Start importing Assets/Externals/Textures/0x72_DungeonTilesetII_v1.6/frames/wogol_idle_anim_f3.png using Guid(1abd0ad12d5d2ad4c81083bad574b87a) Importer(2089858483,0ecaa5967403d082aa24f35e1b516d23)  -> (artifact id: 'd73c5e533038049cb9578eb659e5f744') in 0.024110 seconds
Number of updated asset objects reloaded before import = 0
Number of asset objects unloaded after import = 3
========================================================================
Received Import Request.
  Time since last request: 0.000015 seconds.
  path: Assets/Externals/Textures/0x72_DungeonTilesetII_v1.6/frames/wogol_idle_anim_f0.png
  artifactKey: Guid(64b2f71e1a6c4ec4daa31d844fcde1ab) Importer(2089858483,0ecaa5967403d082aa24f35e1b516d23)
Start importing Assets/Externals/Textures/0x72_DungeonTilesetII_v1.6/frames/wogol_idle_anim_f0.png using Guid(64b2f71e1a6c4ec4daa31d844fcde1ab) Importer(2089858483,0ecaa5967403d082aa24f35e1b516d23)  -> (artifact id: 'a850d067cd388016691e6f406e170aaf') in 0.024047 seconds
Number of updated asset objects reloaded before import = 0
Number of asset objects unloaded after import = 3
========================================================================
Received Import Request.
  Time since last request: 0.000014 seconds.
  path: Assets/Externals/Textures/0x72_DungeonTilesetII_v1.6/frames/chest_empty_open_anim_f1.png
  artifactKey: Guid(37f6d61b883e0364cabd91d8a55db65e) Importer(2089858483,0ecaa5967403d082aa24f35e1b516d23)
Start importing Assets/Externals/Textures/0x72_DungeonTilesetII_v1.6/frames/chest_empty_open_anim_f1.png using Guid(37f6d61b883e0364cabd91d8a55db65e) Importer(2089858483,0ecaa5967403d082aa24f35e1b516d23)  -> (artifact id: 'd6f4e0043ba6ebc7af6c93bbfc30b57d') in 0.023731 seconds
Number of updated asset objects reloaded before import = 0
Number of asset objects unloaded after import = 3
========================================================================
Received Import Request.
  Time since last request: 0.000013 seconds.
  path: Assets/Externals/Textures/0x72_DungeonTilesetII_v1.6/frames/wall_top_mid.png
  artifactKey: Guid(8ade1128d3becf64c8af3aa6c4a029b0) Importer(2089858483,0ecaa5967403d082aa24f35e1b516d23)
Start importing Assets/Externals/Textures/0x72_DungeonTilesetII_v1.6/frames/wall_top_mid.png using Guid(8ade1128d3becf64c8af3aa6c4a029b0) Importer(2089858483,0ecaa5967403d082aa24f35e1b516d23)  -> (artifact id: 'cd90ccea3c199e20acf11b64e46b7d9b') in 0.024982 seconds
Number of updated asset objects reloaded before import = 0
Number of asset objects unloaded after import = 3
========================================================================
Received Import Request.
  Time since last request: 0.000014 seconds.
  path: Assets/Externals/Textures/0x72_DungeonTilesetII_v1.6/frames/weapon_anime_sword.png
  artifactKey: Guid(24c0e591c89373b4bb29149dad5e9c0b) Importer(2089858483,0ecaa5967403d082aa24f35e1b516d23)
Start importing Assets/Externals/Textures/0x72_DungeonTilesetII_v1.6/frames/weapon_anime_sword.png using Guid(24c0e591c89373b4bb29149dad5e9c0b) Importer(2089858483,0ecaa5967403d082aa24f35e1b516d23)  -> (artifact id: 'c2cac5138059a406f8c2b9bc77f4e824') in 0.023117 seconds
Number of updated asset objects reloaded before import = 0
Number of asset objects unloaded after import = 3
========================================================================
Received Import Request.
  Time since last request: 0.000014 seconds.
  path: Assets/Externals/Textures/0x72_DungeonTilesetII_v1.6/frames/wall_right.png
  artifactKey: Guid(1997820fc00ac7846bf02ea90eac500e) Importer(2089858483,0ecaa5967403d082aa24f35e1b516d23)
Start importing Assets/Externals/Textures/0x72_DungeonTilesetII_v1.6/frames/wall_right.png using Guid(1997820fc00ac7846bf02ea90eac500e) Importer(2089858483,0ecaa5967403d082aa24f35e1b516d23)  -> (artifact id: 'ec4943596813024af6a2ecdc8b091982') in 0.024842 seconds
Number of updated asset objects reloaded before import = 0
Number of asset objects unloaded after import = 3
Editor requested this worker to shutdown with reason: Scaling down because of idle timeout
TcpMessagingSession - receive error: operation aborted. errorcode: 995, details: 스레드 종료 또는 응용 프로그램 요청 때문에 I/O 작업이 취소되었습니다.
AssetImportWorker is now disconnected from the server
Process exiting
Exiting without the bug reporter. Application will terminate with return code 0